    Finished `test` profile [unoptimized + debuginfo] target(s) in 0.11s
     Running unittests src\lib.rs (target\debug\deps\excel_diff-0d74e38b23e352b8.exe)

running 145 tests
test addressing::tests::index_to_address_examples ... ok
test addressing::tests::invalid_addresses_rejected ... ok
test addressing::tests::round_trip_addresses ... ok
test alignment::anchor_chain::tests::builds_increasing_chain ... ok
test alignment::assembly::tests::amr_alignment_empty_grids ... ok
test alignment::assembly::tests::amr_alignment_all_deleted ... ok
test alignment::assembly::tests::amr_alignment_all_inserted ... ok
test alignment::assembly::tests::myers_handles_medium_gap_with_single_insertion ... ok
test alignment::anchor_discovery::tests::discovers_context_anchors_when_no_uniques ... ok
test alignment::assembly::tests::amr_disjoint_gaps_with_insertions_and_deletions ... ok
test alignment::assembly::tests::amr_multi_gap_move_detection_produces_expected_row_block_move ... ok
test alignment::assembly::tests::hash_fallback_produces_monotone_pairs ... ok
test alignment::assembly::tests::amr_recursive_gap_alignment_returns_monotonic_alignment ... ok
test alignment::assembly::tests::align_rows_amr_with_signatures_exposes_row_hashes ... ok
test alignment::gap_strategy::tests::respects_configured_max_lcs_gap_size ... ok
test alignment::assembly::tests::aligns_compressed_runs_with_insert_and_delete ... ok
test alignment::assembly::tests::run_alignment_falls_back_on_mismatch ... ok
test alignment::row_metadata::tests::classifies_unique_and_rare_and_low_info ... ok
test alignment::runs::tests::compresses_identical_rows ... ok
test alignment::runs::tests::empty_input_produces_empty_runs ... ok
test alignment::runs::tests::mixed_runs_with_varying_lengths ... ok
test alignment::runs::tests::run_compression_preserves_row_indices ... ok
test alignment::runs::tests::single_row_produces_single_run ... ok
test column_alignment::tests::detect_exact_column_block_move_multi_column_block ... ok
test alignment::runs::tests::compresses_10k_identical_rows_to_single_run ... ok
test column_alignment::tests::detect_exact_column_block_move_rejects_repetition ... ok
test column_alignment::tests::detect_exact_column_block_move_rejects_internal_edits ... ok
test alignment::assembly::tests::align_small_gap_enforces_cap_with_hash_fallback ... ok
test column_alignment::tests::detect_exact_column_block_move_swap_as_single_move ... ok
test alignment::runs::tests::alternating_pattern_ab_does_not_overcompress ... ok
test column_alignment::tests::detect_exact_column_block_move_rejects_two_independent_moves ... ok
test column_alignment::tests::detect_exact_column_block_move_simple_case ... ok
test column_alignment::tests::multiple_unique_columns_causes_bailout ... ok
test column_alignment::tests::heavy_repetition_causes_bailout ... ok
test config::tests::builder_rejects_invalid_similarity_threshold ... ok
test config::tests::defaults_match_limit_spec ... ok
test column_alignment::tests::single_insert_aligns_all_columns ... ok
test config::tests::most_precise_matches_sprint_plan_values ... ok
test config::tests::presets_differ_in_expected_directions ... ok
test config::tests::serde_aliases_populate_fields ... ok
test config::tests::serde_roundtrip_preserves_defaults ... ok
test database_alignment::tests::duplicate_keys_error_or_unsupported ... ok
test database_alignment::tests::is_key_column_contiguous_columns ... ok
test database_alignment::tests::composite_key_alignment_matches_rows_correctly ... ok
test database_alignment::tests::is_key_column_non_contiguous_columns ... ok
test database_alignment::tests::is_key_column_non_contiguous_three_columns ... ok
test database_alignment::tests::is_key_column_single_column ... ok
test database_alignment::tests::is_key_column_three_columns ... ok
test database_alignment::tests::non_contiguous_key_columns_alignment ... ok
test database_alignment::tests::three_column_composite_key_alignment ... ok
test database_alignment::tests::unique_keys_insert_delete_classified ... ok
test database_alignment::tests::unique_keys_reorder_no_changes ... ok
test datamashup_framing::tests::decode_datamashup_base64_rejects_invalid ... ok
test datamashup_framing::tests::duplicate_sibling_datamashup_elements_error ... ok
test datamashup_framing::tests::elements_with_datamashup_suffix_are_ignored ... ok
test datamashup_framing::tests::fuzz_style_never_panics ... ok
test datamashup_framing::tests::parse_basic_non_zero_lengths ... ok
test datamashup_framing::tests::parse_zero_length_stream_succeeds ... ok
test datamashup_framing::tests::too_short_stream_is_framing_invalid ... ok
test datamashup_framing::tests::trailing_bytes_are_invalid ... ok
test datamashup_framing::tests::truncated_stream_errors ... ok
test datamashup_framing::tests::unsupported_version_is_rejected ... ok
test datamashup_framing::tests::utf16_datamashup_xml_decodes_correctly ... ok
test engine::tests::diff_row_pair_sparse_counts_union_columns_not_sum_lengths ... ok
test datamashup_framing::tests::utf16_without_bom_with_declared_encoding_parses ... ok
test engine::tests::diff_row_pair_sparse_counts_union_for_sparse_columns ... ok
test engine::tests::grids_non_blank_cells_equal_requires_matching_entries ... ok
test engine::tests::sheet_kind_order_ranking_includes_macro_and_other ... ok
test grid_parser::tests::convert_value_bool_0_1_and_other ... ok
test grid_parser::tests::convert_value_error_cell_as_text ... ok
test grid_parser::tests::convert_value_shared_string_index_out_of_bounds_errors ... ok
test grid_parser::tests::parse_shared_strings_rich_text_flattens_runs ... ok
test grid_parser::tests::read_inline_string_preserves_xml_space_preserve ... ok
test hashing::tests::normalize_distinguishes_different_magnitudes ... ok
test hashing::tests::normalize_meaningful_difference ... ok
test hashing::tests::normalize_nan_values ... ok
test hashing::tests::normalize_preserves_large_numbers ... ok
test hashing::tests::normalize_ulp_drift ... ok
test hashing::tests::normalize_zero_values ... ok
test rect_block_move::tests::detect_bails_on_different_grid_dimensions ... ok
test rect_block_move::tests::detect_bails_on_empty_grid ... ok
test rect_block_move::tests::detect_bails_on_identical_grids ... ok
test rect_block_move::tests::detect_bails_on_ambiguous_block_swap ... ok
test rect_block_move::tests::detect_bails_on_oversized_col_count ... ok
test rect_block_move::tests::detect_bails_on_oversized_row_count ... ok
test rect_block_move::tests::detect_bails_on_non_contiguous_differences ... ok
test rect_block_move::tests::detect_bails_on_pure_row_move_pattern ... ok
test engine::tests::rect_move_masked_falls_back_when_outside_edit_exists ... ok
test rect_block_move::tests::detect_bails_on_single_cell_edit ... ok
test rect_block_move::tests::detect_bails_on_internal_cell_edit ... ok
test region_mask::tests::active_rows_iterator ... ok
test region_mask::tests::all_active_initially ... ok
test region_mask::tests::cell_active_based_on_row_and_col ... ok
test region_mask::tests::cols_overlap_excluded_detects_overlap ... ok
test region_mask::tests::exclude_rect ... ok
test rect_block_move::tests::detect_rect_block_move_with_shared_columns ... ok
test region_mask::tests::exclude_rect_cells_masks_only_that_region ... ok
test region_mask::tests::exclude_row_range ... ok
test region_mask::tests::exclude_single_row ... ok
test region_mask::tests::rect_overlaps_excluded_detects_any_overlap ... ok
test rect_block_move::tests::detect_simple_rect_block_move_success ... ok
test region_mask::tests::rows_overlap_excluded_detects_overlap ... ok
test row_alignment::tests::align_row_changes_rejects_column_delete_mismatch ... ok
test row_alignment::tests::align_row_changes_rejects_column_insert_mismatch ... ok
test row_alignment::tests::aligns_contiguous_block_delete_middle ... ok
test row_alignment::tests::aligns_delete_at_last_row ... ok
test row_alignment::tests::aligns_delete_at_row_zero ... ok
test row_alignment::tests::aligns_insert_at_last_row ... ok
test row_alignment::tests::aligns_contiguous_block_insert_middle ... ok
test row_alignment::tests::aligns_insert_at_row_zero ... ok
test row_alignment::tests::aligns_single_row_to_two_rows_via_insert ... ok
test row_alignment::tests::aligns_two_rows_to_single_row_via_delete ... ok
test row_alignment::tests::aligns_single_insert_with_unique_row ... ok
test row_alignment::tests::block_alignment_bails_on_noncontiguous_changes ... ok
test row_alignment::tests::block_move_detection_rejects_internal_edits ... ok
test row_alignment::tests::detects_exact_row_block_move ... ok
test row_alignment::tests::monotonicity_helper_accepts_empty_and_single ... ok
test row_alignment::tests::fuzzy_move_bails_on_heavy_repetition_or_ambiguous_candidates ... ok
test row_alignment::tests::monotonicity_helper_accepts_valid_sequence ... ok
test row_alignment::tests::fuzzy_move_noop_when_grids_identical ... ok
test row_alignment::tests::monotonicity_helper_rejects_non_increasing_a ... ok
test row_alignment::tests::monotonicity_helper_rejects_non_increasing_b ... ok
test row_alignment::tests::detects_fuzzy_row_block_move_with_single_internal_edit ... ok
test row_alignment::tests::detects_fuzzy_row_block_move_upward_with_single_internal_edit ... ok
test row_alignment::tests::fuzzy_move_bails_on_ambiguous_candidates_below_repetition_threshold ... ok
test workbook::tests::cellvalue_as_text_number_bool_match_variants ... ok
test row_alignment::tests::rejects_non_monotonic_alignment_with_extra_mismatch ... ok
test row_alignment::tests::fuzzy_move_rejects_low_similarity_block ... ok
test workbook::tests::cellvalue_number_hashes_ignore_ulp_drift ... ok
test workbook::tests::cellvalue_number_hashes_meaningful_difference ... ok
test row_alignment::tests::fuzzy_move_at_max_hash_repeat_boundary ... ok
test workbook::tests::cellvalue_number_hashes_normalize_zero_sign ... ok
test workbook::tests::compute_col_signature_matches_cached_for_dense_and_sparse_paths ... ok
test workbook::tests::compute_row_signature_matches_cached_for_dense_and_sparse_paths ... ok
test workbook::tests::get_mut_clears_cached_signatures ... ok
test workbook::tests::insert_clears_cached_signatures ... ok
test workbook::tests::snapshot_equality_ignores_address ... ok
test workbook::tests::snapshot_equality_same_value_and_formula ... ok
test workbook::tests::snapshot_from_bool_cell ... ok
test workbook::tests::snapshot_from_empty_cell ... ok
test workbook::tests::snapshot_from_number_cell ... ok
test workbook::tests::snapshot_from_text_cell ... ok
test workbook::tests::snapshot_inequality_different_value_same_formula ... ok
test workbook::tests::snapshot_inequality_value_vs_formula ... ok
test row_alignment::tests::fuzzy_move_at_max_block_rows_threshold ... ok

test result: ok. 145 passed; 0 failed; 0 ignored; 0 measured; 0 filtered out; finished in 0.01s

     Running unittests src\bin\wasm_smoke.rs (target\debug\deps\wasm_smoke-a5ad4a4b4d20bd52.exe)

running 0 tests

test result: ok. 0 passed; 0 failed; 0 ignored; 0 measured; 0 filtered out; finished in 0.00s

     Running tests\addressing_pg2_tests.rs (target\debug\deps\addressing_pg2_tests-9425b823d2b2c609.exe)

running 1 test
test pg2_addressing_matrix_consistency ... ok

test result: ok. 1 passed; 0 failed; 0 ignored; 0 measured; 0 filtered out; finished in 0.00s

     Running tests\amr_multi_gap_tests.rs (target\debug\deps\amr_multi_gap_tests-c72931f69443c6cc.exe)

running 5 tests
test amr_multiple_anchors_with_gaps ... ok
test amr_two_disjoint_insertion_regions ... ok
test amr_insertion_and_deletion_in_different_regions ... ok
test amr_gap_contains_moved_block_scenario ... ok
test amr_recursive_gap_alignment ... ok

test result: ok. 5 passed; 0 failed; 0 ignored; 0 measured; 0 filtered out; finished in 0.00s

     Running tests\d1_database_mode_tests.rs (target\debug\deps\d1_database_mode_tests-1f062405cbc4c9e3.exe)

running 19 tests
test d1_database_mode_cell_edited ... ok
test d5_composite_key_row_added_and_cell_edited ... ok
test d5_non_contiguous_key_columns_detects_edits_in_skipped_column ... ok
test d1_database_mode_row_removed ... ok
test d1_database_mode_row_added ... ok
test d1_database_mode_detects_meaningful_float_key_change ... ok
test d5_composite_key_partial_key_mismatch_yields_add_and_remove ... ok
test d5_composite_key_equal_reordered_database_mode_empty_diff ... ok
test d5_composite_key_duplicate_keys_fallback_to_spreadsheet_mode ... ok
test d1_database_mode_cell_edited_with_reorder ... ok
test d1_database_mode_treats_small_float_key_noise_as_equal ... ok
test d5_non_contiguous_key_columns_equal_reordered_empty_diff ... ok
test d5_non_contiguous_key_columns_row_added_and_cell_edited ... ok
test d1_duplicate_keys_fallback_to_spreadsheet_mode ... ok
test d5_three_column_composite_key_partial_match_yields_add_and_remove ... ok
test d5_three_column_composite_key_equal_reordered_empty_diff ... ok
test d1_equal_ordered_database_mode_empty_diff ... ok
test d1_equal_reordered_database_mode_empty_diff ... ok
test d1_spreadsheet_mode_sees_reorder_as_changes ... ok

test result: ok. 19 passed; 0 failed; 0 ignored; 0 measured; 0 filtered out; finished in 0.11s

     Running tests\data_mashup_tests.rs (target\debug\deps\data_mashup_tests-48b05c22367fe11d.exe)

running 13 tests
test non_excel_container_returns_not_excel_error ... ok
test missing_content_types_is_not_excel_error ... ok
test non_zip_file_returns_not_zip_error ... ok
test duplicate_datamashup_parts_are_rejected ... ok
test nonexistent_file_returns_io ... ok
test datamashup_with_base64_whitespace_parses ... ok
test workbook_without_datamashup_returns_none ... ok
test duplicate_datamashup_elements_are_rejected ... ok
test corrupt_base64_returns_error ... ok
test utf16_be_datamashup_parses ... ok
test utf16_le_datamashup_parses ... ok
test build_data_mashup_smoke_from_fixture ... ok
test workbook_with_valid_datamashup_parses ... ok

test result: ok. 13 passed; 0 failed; 0 ignored; 0 measured; 0 filtered out; finished in 0.04s

     Running tests\engine_tests.rs (target\debug\deps\engine_tests-db48f92961e38ec6.exe)

running 12 tests
test identical_workbooks_produce_empty_report ... ok
test sheet_identity_includes_kind_for_macro_and_other ... ok
test sheet_added_detected ... ok
test sheet_identity_includes_kind ... ok
test duplicate_sheet_identity_panics_in_debug ... ok
test sheet_name_case_insensitive_no_changes ... ok
test deterministic_sheet_op_ordering ... ok
test cell_edited_detected ... ok
test sheet_removed_detected ... ok
test sheet_name_case_insensitive_cell_edit ... ok
test diff_report_json_round_trips ... ok
test move_detection_respects_column_gate ... ok

test result: ok. 12 passed; 0 failed; 0 ignored; 0 measured; 0 filtered out; finished in 0.03s

     Running tests\excel_open_xml_tests.rs (target\debug\deps\excel_open_xml_tests-dff237d916190b5d.exe)

running 7 tests
test open_nonexistent_file_returns_io_error ... ok
test random_zip_is_not_excel ... ok
test no_content_types_is_not_excel ... ok
test open_minimal_workbook_succeeds ... ok
test not_zip_container_returns_error ... ok
test missing_workbook_xml_returns_workbookxmlmissing ... ok
test missing_worksheet_xml_returns_worksheetxmlmissing ... ok

test result: ok. 7 passed; 0 failed; 0 ignored; 0 measured; 0 filtered out; finished in 0.01s

     Running tests\f7_formula_diff_integration_tests.rs (target\debug\deps\f7_formula_diff_integration_tests-38c723a8d659d0f1.exe)

running 2 tests
test filled_down_formulas_detect_row_shift ... ok
test formatting_only_vs_text_change_respects_flag ... ok

test result: ok. 2 passed; 0 failed; 0 ignored; 0 measured; 0 filtered out; finished in 0.00s

     Running tests\f7_formula_parser_tests.rs (target\debug\deps\f7_formula_parser_tests-e45f93907a5ab6d2.exe)

running 2 tests
test parses_varied_syntaxes ... FAILED
test parses_expected_ast_shapes ... FAILED

failures:

---- parses_varied_syntaxes stdout ----

thread 'parses_varied_syntaxes' (38068) panicked at core\tests\f7_formula_parser_tests.rs:101:48:
failed to parse Table1[Column1]: formula parse error at 6: trailing characters

---- parses_expected_ast_shapes stdout ----

thread 'parses_expected_ast_shapes' (37560) panicked at core\tests\f7_formula_parser_tests.rs:83:42:
formula should parse: FormulaParseError { pos: 1, message: "trailing characters" }
note: run with `RUST_BACKTRACE=1` environment variable to display a backtrace


failures:
    parses_expected_ast_shapes
    parses_varied_syntaxes

test result: FAILED. 0 passed; 2 failed; 0 ignored; 0 measured; 0 filtered out; finished in 0.00s

error: test failed, to rerun pass `--test f7_formula_parser_tests`
