   Compiling unicode-ident v1.0.22
   Compiling either v1.15.0
   Compiling windows-sys v0.61.2
   Compiling serde_core v1.0.228
   Compiling once_cell v1.21.3
   Compiling fastrand v2.3.0
   Compiling regex-syntax v0.8.8
   Compiling ciborium-io v0.2.2
   Compiling plotters-backend v0.3.7
   Compiling cast v0.3.0
   Compiling anes v0.1.6
   Compiling oorandom v11.1.5
   Compiling getrandom v0.3.4
   Compiling diff v0.1.13
   Compiling yansi v1.0.1
   Compiling num-traits v0.2.19
   Compiling proc-macro2 v1.0.103
   Compiling wasm-bindgen-shared v0.2.106
   Compiling rayon v1.11.0
   Compiling itertools v0.10.5
   Compiling plotters-svg v0.3.7
   Compiling pretty_assertions v1.4.1
   Compiling quote v1.0.42
   Compiling plotters v0.3.7
   Compiling syn v2.0.111
   Compiling anstyle-query v1.1.5
   Compiling anstyle-wincon v3.0.11
   Compiling winapi-util v0.1.11
   Compiling tempfile v3.23.0
   Compiling is-terminal v0.4.17
   Compiling regex-automata v0.4.13
   Compiling anstream v0.6.21
   Compiling same-file v1.0.6
   Compiling walkdir v2.5.0
   Compiling clap_builder v4.5.53
   Compiling criterion-plot v0.5.0
   Compiling serde_json v1.0.145
   Compiling regex v1.12.2
   Compiling wasm-bindgen-macro-support v0.2.106
   Compiling serde_derive v1.0.228
   Compiling thiserror-impl v1.0.69
   Compiling clap_derive v4.5.49
   Compiling zerocopy-derive v0.8.31
   Compiling thiserror v1.0.69
   Compiling zerocopy v0.8.31
   Compiling clap v4.5.53
   Compiling wasm-bindgen-macro v0.2.106
   Compiling wasm-bindgen v0.2.106
   Compiling serde v1.0.228
   Compiling console_error_panic_hook v0.1.7
   Compiling half v2.7.1
   Compiling excel_diff v0.1.0 (C:\Users\dvora\repo\excel_diff\core)
   Compiling tinytemplate v1.2.1
   Compiling ciborium-ll v0.2.2
   Compiling ciborium v0.2.2
   Compiling criterion v0.5.1
   Compiling excel_diff_wasm v0.1.0 (C:\Users\dvora\repo\excel_diff\wasm)
   Compiling excel_diff_cli v0.1.0 (C:\Users\dvora\repo\excel_diff\cli)
warning: unused import: `std::fs::File`
  --> cli\src\commands\diff.rs:10:5
   |
10 | use std::fs::File;
   |     ^^^^^^^^^^^^^
   |
   = note: `#[warn(unused_imports)]` (part of `#[warn(unused)]`) on by default

warning: `excel_diff_cli` (bin "excel-diff" test) generated 1 warning (1 duplicate)
warning: `excel_diff_cli` (bin "excel-diff") generated 1 warning (run `cargo fix --bin "excel-diff"` to apply 1 suggestion)
    Finished `test` profile [unoptimized + debuginfo] target(s) in 1m 01s
     Running unittests src\lib.rs (target\debug\deps\excel_diff-2a0aa808ecb7a628.exe)

running 168 tests
test addressing::tests::index_to_address_examples ... ok
test addressing::tests::round_trip_addresses ... ok
test alignment::anchor_chain::tests::builds_increasing_chain ... ok
test alignment::anchor_discovery::tests::discovers_context_anchors_when_no_uniques ... ok
test addressing::tests::invalid_addresses_rejected ... ok
test alignment::assembly::tests::align_rows_amr_with_signatures_exposes_row_hashes ... ok
test alignment::assembly::tests::amr_alignment_all_deleted ... ok
test alignment::assembly::tests::amr_alignment_all_inserted ... ok
test alignment::assembly::tests::amr_alignment_empty_grids ... ok
test alignment::assembly::tests::amr_disjoint_gaps_with_insertions_and_deletions ... ok
test alignment::assembly::tests::amr_multi_gap_move_detection_produces_expected_row_block_move ... ok
test alignment::assembly::tests::hash_fallback_produces_monotone_pairs ... ok
test alignment::assembly::tests::myers_handles_medium_gap_with_single_insertion ... ok
test alignment::assembly::tests::amr_recursive_gap_alignment_returns_monotonic_alignment ... ok
test alignment::gap_strategy::tests::respects_configured_max_lcs_gap_size ... ok
test alignment::assembly::tests::run_alignment_falls_back_on_mismatch ... ok
test alignment::move_extraction::tests::candidate_pairs_are_capped_per_signature ... ok
test alignment::lap::tests::solves_small_assignment ... ok
test alignment::move_extraction::tests::global_moves_ignore_low_info_rows ... ok
test alignment::runs::tests::compresses_identical_rows ... ok
test alignment::runs::tests::empty_input_produces_empty_runs ... ok
test alignment::assembly::tests::aligns_compressed_runs_with_insert_and_delete ... ok
test alignment::runs::tests::compresses_10k_identical_rows_to_single_run ... ok
test alignment::runs::tests::mixed_runs_with_varying_lengths ... ok
test alignment::runs::tests::run_compression_preserves_row_indices ... ok
test alignment::move_extraction::tests::global_moves_detects_simple_block_move ... ok
test alignment::runs::tests::single_row_produces_single_run ... ok
test column_alignment::tests::detect_exact_column_block_move_rejects_internal_edits ... ok
test column_alignment::tests::detect_exact_column_block_move_multi_column_block ... ok
test column_alignment::tests::detect_exact_column_block_move_rejects_repetition ... ok
test alignment::runs::tests::alternating_pattern_ab_does_not_overcompress ... ok
test column_alignment::tests::multiple_unique_columns_causes_bailout ... ok
test column_alignment::tests::detect_exact_column_block_move_swap_as_single_move ... ok
test column_alignment::tests::detect_exact_column_block_move_rejects_two_independent_moves ... ok
test column_alignment::tests::detect_exact_column_block_move_simple_case ... ok
test column_alignment::tests::heavy_repetition_causes_bailout ... ok
test config::tests::builder_rejects_invalid_bailout_similarity ... ok
test column_alignment::tests::single_insert_aligns_all_columns ... ok
test config::tests::builder_rejects_invalid_dense_row_replace_ratio ... ok
test config::tests::builder_rejects_invalid_preflight_ratio ... ok
test config::tests::builder_rejects_invalid_similarity_threshold ... ok
test alignment::assembly::tests::align_small_gap_enforces_cap_with_hash_fallback ... ok
test config::tests::defaults_match_limit_spec ... ok
test config::tests::most_precise_matches_sprint_plan_values ... ok
test config::tests::preflight_config_builder_setters_work ... ok
test config::tests::presets_differ_in_expected_directions ... ok
test config::tests::serde_aliases_populate_fields ... ok
test config::tests::serde_roundtrip_preserves_defaults ... ok
test database_alignment::tests::composite_key_alignment_matches_rows_correctly ... ok
test database_alignment::tests::duplicate_keys_error_or_unsupported ... ok
test container::tests::zip_container_opens_non_opc_zip ... ok
test database_alignment::tests::is_key_column_contiguous_columns ... ok
test database_alignment::tests::is_key_column_non_contiguous_three_columns ... ok
test database_alignment::tests::is_key_column_non_contiguous_columns ... ok
test database_alignment::tests::is_key_column_single_column ... ok
test database_alignment::tests::is_key_column_three_columns ... ok
test database_alignment::tests::non_contiguous_key_columns_alignment ... ok
test database_alignment::tests::three_column_composite_key_alignment ... ok
test database_alignment::tests::unique_keys_insert_delete_classified ... ok
test database_alignment::tests::unique_keys_reorder_no_changes ... ok
test datamashup_framing::tests::decode_datamashup_base64_rejects_invalid ... ok
test datamashup_framing::tests::duplicate_sibling_datamashup_elements_error ... ok
test datamashup_framing::tests::elements_with_datamashup_suffix_are_ignored ... ok
test datamashup_framing::tests::fuzz_style_never_panics ... ok
test datamashup_framing::tests::parse_basic_non_zero_lengths ... ok
test datamashup_framing::tests::parse_zero_length_stream_succeeds ... ok
test datamashup_framing::tests::too_short_stream_is_framing_invalid ... ok
test datamashup_framing::tests::trailing_bytes_are_invalid ... ok
test datamashup_framing::tests::truncated_stream_errors ... ok
test datamashup_framing::tests::unsupported_version_is_rejected ... ok
test datamashup_framing::tests::utf16_datamashup_xml_decodes_correctly ... ok
test datamashup_framing::tests::utf16_without_bom_with_declared_encoding_parses ... ok
test engine::grid_diff::tests::diff_row_pair_sparse_counts_union_for_sparse_columns ... ok
test engine::grid_diff::tests::diff_row_pair_sparse_counts_union_columns_not_sum_lengths ... ok
test engine::grid_diff::tests::grids_non_blank_cells_equal_requires_matching_entries ... ok
test engine::workbook_diff::tests::sheet_kind_order_ranking_includes_macro_and_other ... ok
test grid_metadata::tests::classifies_unique_and_rare_and_low_info ... ok
test grid_parser::tests::convert_value_bool_0_1_and_other ... ok
test engine::grid_diff::tests::multiset_edit_distance_computes_correctly ... ok
test grid_parser::tests::convert_value_error_cell_as_text ... ok
test grid_parser::tests::convert_value_shared_string_index_out_of_bounds_errors ... ok
test grid_parser::tests::parse_shared_strings_rich_text_flattens_runs ... ok
test grid_parser::tests::read_inline_string_preserves_xml_space_preserve ... ok
test hashing::tests::normalize_distinguishes_different_magnitudes ... ok
test hashing::tests::normalize_meaningful_difference ... ok
test hashing::tests::normalize_nan_values ... ok
test hashing::tests::normalize_preserves_large_numbers ... ok
test hashing::tests::normalize_ulp_drift ... ok
test hashing::tests::normalize_zero_values ... ok
test m_ast::step_model::tests::extracts_filter_step_and_dependency ... ok
test m_ast::step_model::tests::extracts_remove_columns_params ... ok
test m_ast::step_model::tests::signatures_survive_step_rename_and_reference_update ... ok
test m_semantic_detail::tests::filter_change_reports_params_changed ... ok
test m_semantic_detail::tests::join_change_reports_params_changed ... ok
test m_semantic_detail::tests::dependency_change_sets_source_refs_changed ... ok
test m_semantic_detail::tests::wrap_unwrap_reports_structural_insert ... ok
test m_semantic_detail::tests::reorder_produces_step_reordered ... ok
test rect_block_move::tests::detect_bails_on_different_grid_dimensions ... ok
test m_semantic_detail::tests::step_param_change_produces_modified_step ... ok
test rect_block_move::tests::detect_bails_on_empty_grid ... ok
test engine::move_mask::tests::rect_move_masked_falls_back_when_outside_edit_exists ... ok
test m_semantic_detail::tests::step_rename_produces_modified_with_rename_change ... ok
test rect_block_move::tests::detect_bails_on_identical_grids ... ok
test rect_block_move::tests::detect_bails_on_ambiguous_block_swap ... ok
test rect_block_move::tests::detect_bails_on_oversized_col_count ... ok
test m_semantic_detail::tests::small_exact_ast_summary_handles_deep_if_change ... ok
test rect_block_move::tests::detect_bails_on_oversized_row_count ... ok
test rect_block_move::tests::detect_bails_on_non_contiguous_differences ... ok
test rect_block_move::tests::detect_bails_on_single_cell_edit ... ok
test rect_block_move::tests::detect_bails_on_pure_row_move_pattern ... ok
test rect_block_move::tests::detect_bails_on_internal_cell_edit ... ok
test region_mask::tests::active_rows_iterator ... ok
test region_mask::tests::all_active_initially ... ok
test region_mask::tests::cell_active_based_on_row_and_col ... ok
test region_mask::tests::cols_overlap_excluded_detects_overlap ... ok
test region_mask::tests::exclude_rect ... ok
test region_mask::tests::exclude_rect_cells_masks_only_that_region ... ok
test rect_block_move::tests::detect_rect_block_move_with_shared_columns ... ok
test region_mask::tests::exclude_row_range ... ok
test region_mask::tests::exclude_single_row ... ok
test region_mask::tests::rect_overlaps_excluded_detects_any_overlap ... ok
test region_mask::tests::rows_overlap_excluded_detects_overlap ... ok
test rect_block_move::tests::detect_simple_rect_block_move_success ... ok
test row_alignment::tests::align_row_changes_rejects_column_delete_mismatch ... ok
test row_alignment::tests::align_row_changes_rejects_column_insert_mismatch ... ok
test row_alignment::tests::aligns_contiguous_block_delete_middle ... ok
test row_alignment::tests::aligns_delete_at_row_zero ... ok
test row_alignment::tests::aligns_contiguous_block_insert_middle ... ok
test row_alignment::tests::aligns_delete_at_last_row ... ok
test row_alignment::tests::aligns_insert_at_last_row ... ok
test row_alignment::tests::aligns_insert_at_row_zero ... ok
test row_alignment::tests::aligns_single_row_to_two_rows_via_insert ... ok
test row_alignment::tests::aligns_two_rows_to_single_row_via_delete ... ok
test row_alignment::tests::aligns_single_insert_with_unique_row ... ok
test row_alignment::tests::block_alignment_bails_on_noncontiguous_changes ... ok
test row_alignment::tests::block_move_detection_rejects_internal_edits ... ok
test row_alignment::tests::detects_exact_row_block_move ... ok
test row_alignment::tests::monotonicity_helper_accepts_empty_and_single ... ok
test row_alignment::tests::fuzzy_move_noop_when_grids_identical ... ok
test row_alignment::tests::fuzzy_move_bails_on_heavy_repetition_or_ambiguous_candidates ... ok
test row_alignment::tests::monotonicity_helper_accepts_valid_sequence ... ok
test row_alignment::tests::monotonicity_helper_rejects_non_increasing_a ... ok
test row_alignment::tests::detects_fuzzy_row_block_move_upward_with_single_internal_edit ... ok
test row_alignment::tests::monotonicity_helper_rejects_non_increasing_b ... ok
test row_alignment::tests::detects_fuzzy_row_block_move_with_single_internal_edit ... ok
test workbook::tests::cellvalue_as_text_number_bool_match_variants ... ok
test row_alignment::tests::rejects_non_monotonic_alignment_with_extra_mismatch ... ok
test workbook::tests::cellvalue_number_hashes_ignore_ulp_drift ... ok
test row_alignment::tests::fuzzy_move_bails_on_ambiguous_candidates_below_repetition_threshold ... ok
test workbook::tests::cellvalue_number_hashes_meaningful_difference ... ok
test workbook::tests::cellvalue_number_hashes_normalize_zero_sign ... ok
test row_alignment::tests::fuzzy_move_at_max_hash_repeat_boundary ... ok
test row_alignment::tests::fuzzy_move_rejects_low_similarity_block ... ok
test workbook::tests::compute_col_signature_matches_cached_for_dense_and_sparse_paths ... ok
test workbook::tests::compute_row_signature_matches_cached_for_dense_and_sparse_paths ... ok
test workbook::tests::get_mut_clears_cached_signatures ... ok
test workbook::tests::insert_clears_cached_signatures ... ok
test workbook::tests::snapshot_equality_ignores_address ... ok
test workbook::tests::snapshot_equality_same_value_and_formula ... ok
test workbook::tests::snapshot_from_bool_cell ... ok
test workbook::tests::snapshot_from_empty_cell ... ok
test workbook::tests::snapshot_from_number_cell ... ok
test workbook::tests::snapshot_from_text_cell ... ok
test workbook::tests::snapshot_inequality_different_value_same_formula ... ok
test workbook::tests::snapshot_inequality_value_vs_formula ... ok
test m_semantic_detail::tests::large_ast_summary_reports_moved_subtree ... ok
test row_alignment::tests::fuzzy_move_at_max_block_rows_threshold ... ok
test engine::grid_diff::tests::preflight_detects_row_swap_with_edit_as_not_near_identical ... ok

test result: ok. 168 passed; 0 failed; 0 ignored; 0 measured; 0 filtered out; finished in 0.26s

     Running unittests src\bin\wasm_smoke.rs (target\debug\deps\wasm_smoke-73af184054fc4275.exe)

running 0 tests

test result: ok. 0 passed; 0 failed; 0 ignored; 0 measured; 0 filtered out; finished in 0.00s

     Running tests\addressing_pg2_tests.rs (target\debug\deps\addressing_pg2_tests-d5fad284a0e4c05f.exe)

running 1 test
test pg2_addressing_matrix_consistency ... ok

test result: ok. 1 passed; 0 failed; 0 ignored; 0 measured; 0 filtered out; finished in 0.05s

     Running tests\amr_multi_gap_tests.rs (target\debug\deps\amr_multi_gap_tests-a8b4e45903831807.exe)

running 5 tests
test amr_gap_contains_moved_block_scenario ... ok
test amr_multiple_anchors_with_gaps ... ok
test amr_two_disjoint_insertion_regions ... ok
test amr_insertion_and_deletion_in_different_regions ... ok
test amr_recursive_gap_alignment ... ok

test result: ok. 5 passed; 0 failed; 0 ignored; 0 measured; 0 filtered out; finished in 0.00s

     Running tests\branch4_object_diff_tests.rs (target\debug\deps\branch4_object_diff_tests-4c4c7d46e639fbff.exe)

running 3 tests
test branch4_named_ranges_emit_add_remove_change ... ok
test branch4_charts_emit_added_removed_changed ... ok
test branch4_vba_modules_emit_added_removed_changed ... ok

test result: ok. 3 passed; 0 failed; 0 ignored; 0 measured; 0 filtered out; finished in 0.37s

     Running tests\d1_database_mode_tests.rs (target\debug\deps\d1_database_mode_tests-ab8cfb18af6115a5.exe)

running 19 tests
test d1_database_mode_row_added ... ok
test d1_database_mode_cell_edited_with_reorder ... ok
test d1_database_mode_detects_meaningful_float_key_change ... ok
test d1_database_mode_row_removed ... ok
test d1_database_mode_treats_small_float_key_noise_as_equal ... ok
test d1_database_mode_cell_edited ... ok
test d5_composite_key_equal_reordered_database_mode_empty_diff ... ok
test d5_composite_key_partial_key_mismatch_yields_add_and_remove ... ok
test d5_non_contiguous_key_columns_detects_edits_in_skipped_column ... ok
test d5_composite_key_row_added_and_cell_edited ... ok
test d5_non_contiguous_key_columns_equal_reordered_empty_diff ... ok
test d5_non_contiguous_key_columns_row_added_and_cell_edited ... ok
test d5_three_column_composite_key_equal_reordered_empty_diff ... ok
test d5_three_column_composite_key_partial_match_yields_add_and_remove ... ok
test d5_composite_key_duplicate_keys_fallback_to_spreadsheet_mode ... ok
test d1_duplicate_keys_fallback_to_spreadsheet_mode ... ok
test d1_equal_ordered_database_mode_empty_diff ... ok
test d1_equal_reordered_database_mode_empty_diff ... ok
test d1_spreadsheet_mode_sees_reorder_as_changes ... ok

test result: ok. 19 passed; 0 failed; 0 ignored; 0 measured; 0 filtered out; finished in 0.28s

     Running tests\d2_d4_database_mode_workbook_tests.rs (target\debug\deps\d2_d4_database_mode_workbook_tests-731471704aad3b2f.exe)

running 4 tests
test d4_reorder_and_change_emits_cell_edited_only ... ok
test d2_row_removed_emits_row_removed_only ... ok
test d2_row_added_emits_row_added_only ... ok
test d3_row_update_emits_cell_edited_only ... ok

test result: ok. 4 passed; 0 failed; 0 ignored; 0 measured; 0 filtered out; finished in 0.27s

     Running tests\data_mashup_tests.rs (target\debug\deps\data_mashup_tests-133820ed68461891.exe)

running 13 tests
test nonexistent_file_returns_io ... ok
test non_zip_file_returns_not_zip_error ... ok
test build_data_mashup_smoke_from_fixture ... ok
test workbook_with_valid_datamashup_parses ... ok
test non_excel_container_returns_not_excel_error ... ok
test missing_content_types_is_not_excel_error ... ok
test workbook_without_datamashup_returns_none ... ok
test duplicate_datamashup_elements_are_rejected ... ok
test corrupt_base64_returns_error ... ok
test datamashup_with_base64_whitespace_parses ... ok
test utf16_le_datamashup_parses ... ok
test utf16_be_datamashup_parses ... ok
test duplicate_datamashup_parts_are_rejected ... ok

test result: ok. 13 passed; 0 failed; 0 ignored; 0 measured; 0 filtered out; finished in 0.03s

     Running tests\database_mode_wrapper_tests.rs (target\debug\deps\database_mode_wrapper_tests-457b6162cd105d09.exe)

running 1 test
test database_mode_wrapper_limits_exceeded_returns_incomplete_report ... ok

test result: ok. 1 passed; 0 failed; 0 ignored; 0 measured; 0 filtered out; finished in 0.00s

     Running tests\engine_tests.rs (target\debug\deps\engine_tests-76bbd5227520dc84.exe)

running 12 tests
test identical_workbooks_produce_empty_report ... ok
test sheet_identity_includes_kind ... ok
test sheet_added_detected ... ok
test sheet_removed_detected ... ok
test sheet_identity_includes_kind_for_macro_and_other ... ok
test duplicate_sheet_identity_emits_warning ... ok
test sheet_name_case_insensitive_no_changes ... ok
test deterministic_sheet_op_ordering ... ok
test sheet_name_case_insensitive_cell_edit ... ok
test cell_edited_detected ... ok
test diff_report_json_round_trips ... ok
test move_detection_respects_column_gate ... ok

test result: ok. 12 passed; 0 failed; 0 ignored; 0 measured; 0 filtered out; finished in 0.05s

     Running tests\excel_open_xml_tests.rs (target\debug\deps\excel_open_xml_tests-a3ccdda77bf24b54.exe)

running 15 tests
test corrupt_inputs_never_panic ... ok
test open_nonexistent_file_returns_io_error ... ok
test truncated_zip_never_panics ... ok
test random_zip_is_not_excel ... ok
test no_content_types_is_not_excel ... ok
test open_minimal_workbook_succeeds ... ok
test not_zip_container_returns_error ... ok
test oversized_content_types_is_rejected_during_open ... ok
test invalid_xml_in_workbook_does_not_panic ... ok
test zip_bomb_defense_rejects_oversized_part ... ok
test datamashup_base64_decodes_but_framing_invalid_includes_part ... ok
test invalid_xml_in_relationships_includes_part_and_position ... ok
test missing_worksheet_xml_returns_missing_part ... ok
test invalid_xml_in_worksheet_includes_part_and_position ... ok
test missing_workbook_xml_returns_missing_part ... ok

test result: ok. 15 passed; 0 failed; 0 ignored; 0 measured; 0 filtered out; finished in 0.04s

     Running tests\f7_formula_canonicalization_tests.rs (target\debug\deps\f7_formula_canonicalization_tests-1f5e85a86897deb8.exe)

running 5 tests
test canonicalizes_range_endpoints ... ok
test canonicalizes_commutative_binary_ops ... ok
test does_not_canonicalize_non_commutative_ops ... ok
test canonicalizes_commutative_functions_by_sorting_args ... ok
test structured_refs_parse_and_canonicalize ... ok

test result: ok. 5 passed; 0 failed; 0 ignored; 0 measured; 0 filtered out; finished in 0.00s

     Running tests\f7_formula_diff_integration_tests.rs (target\debug\deps\f7_formula_diff_integration_tests-85f1d7ab3029d3f8.exe)

running 2 tests
test filled_down_formulas_detect_row_shift ... ok
test formatting_only_vs_text_change_respects_flag ... ok

test result: ok. 2 passed; 0 failed; 0 ignored; 0 measured; 0 filtered out; finished in 0.00s

     Running tests\f7_formula_parser_tests.rs (target\debug\deps\f7_formula_parser_tests-0dfc3a4e40ce5c35.exe)

running 2 tests
test parses_varied_syntaxes ... ok
test parses_expected_ast_shapes ... ok

test result: ok. 2 passed; 0 failed; 0 ignored; 0 measured; 0 filtered out; finished in 0.00s

     Running tests\f7_formula_shift_tests.rs (target\debug\deps\f7_formula_shift_tests-3058033b8e012e18.exe)

running 2 tests
test mismatched_refs_do_not_match_under_zero_shift ... ok
test filled_down_formulas_match_under_row_shift ... ok

test result: ok. 2 passed; 0 failed; 0 ignored; 0 measured; 0 filtered out; finished in 0.00s

     Running tests\g10_row_block_alignment_grid_workbook_tests.rs (target\debug\deps\g10_row_block_alignment_grid_workbook_tests-89821d88aecf0510.exe)

running 2 tests
test g10_row_block_delete_middle_emits_four_rowremoved_and_no_noise ... ok
test g10_row_block_insert_middle_emits_four_rowadded_and_no_noise ... ok

test result: ok. 2 passed; 0 failed; 0 ignored; 0 measured; 0 filtered out; finished in 0.04s

     Running tests\g11_row_block_move_grid_workbook_tests.rs (target\debug\deps\g11_row_block_move_grid_workbook_tests-077e572ef3baf006.exe)

running 2 tests
test g11_repeated_rows_do_not_emit_blockmove ... ok
test g11_row_block_move_emits_single_blockmovedrows ... ok

test result: ok. 2 passed; 0 failed; 0 ignored; 0 measured; 0 filtered out; finished in 0.07s

     Running tests\g12_column_block_move_grid_workbook_tests.rs (target\debug\deps\g12_column_block_move_grid_workbook_tests-f87599e91de90a5c.exe)

running 5 tests
test g12_repeated_columns_do_not_emit_blockmovedcolumns ... ok
test g12_column_swap_emits_blockmovedcolumns ... ok
test g12_multi_column_block_move_emits_blockmovedcolumns ... ok
test g12_two_independent_column_moves_do_not_emit_blockmovedcolumns ... ok
test g12_column_move_emits_single_blockmovedcolumns ... ok

test result: ok. 5 passed; 0 failed; 0 ignored; 0 measured; 0 filtered out; finished in 0.05s

     Running tests\g12_rect_block_move_grid_workbook_tests.rs (target\debug\deps\g12_rect_block_move_grid_workbook_tests-f75986880f2d3ba8.exe)

running 3 tests
test g12_rect_block_move_with_internal_edit_falls_back ... ok
test g12_rect_block_move_ambiguous_swap_does_not_emit_blockmovedrect ... ok
test g12_rect_block_move_emits_single_blockmovedrect ... ok

test result: ok. 3 passed; 0 failed; 0 ignored; 0 measured; 0 filtered out; finished in 0.04s

     Running tests\g13_fuzzy_row_move_grid_workbook_tests.rs (target\debug\deps\g13_fuzzy_row_move_grid_workbook_tests-58816b84bb4aa3fc.exe)

running 4 tests
test g13_ambiguous_repeated_blocks_do_not_emit_blockmovedrows ... ok
test g13_in_place_edits_do_not_emit_blockmovedrows ... ok
test g13_fuzzy_row_move_can_be_disabled ... ok
test g13_fuzzy_row_move_emits_blockmovedrows_and_celledited ... ok

test result: ok. 4 passed; 0 failed; 0 ignored; 0 measured; 0 filtered out; finished in 0.04s

     Running tests\g14_move_combination_tests.rs (target\debug\deps\g14_move_combination_tests-d782e2ae202ba40c.exe)

running 19 tests
test g14_masked_move_detection_not_gated_by_recursive_align_threshold ... ok
test g14_column_move_plus_cell_edit_no_silent_data_loss ... ok
test g14_rect_move_plus_row_deletion_outside_no_silent_data_loss ... ok
test g14_move_detection_disabled_falls_back_to_positional ... ok
test g14_pure_column_move_produces_single_op ... ok
test g14_row_block_move_plus_row_insertion_outside_no_silent_data_loss ... ok
test g14_row_move_plus_cell_edit_no_silent_data_loss ... ok
test g14_pure_row_move_produces_single_op ... ok
test g14_rect_move_plus_row_insertion_outside_no_silent_data_loss ... ok
test g14_rect_move_no_additional_changes_produces_single_op ... ok
test g14_fuzzy_row_move_plus_outside_edit_no_silent_data_loss ... ok
test g14_rect_move_plus_cell_edit_no_silent_data_loss ... ok
test g14_fuzzy_row_move_produces_move_and_internal_edits ... ok
test g14_two_disjoint_row_block_moves_detected ... ok
test g14_grid_changes_no_silent_data_loss ... ok
test g14_row_move_plus_column_move_both_detected ... ok
test g14_three_disjoint_rect_block_moves_detected ... ok
test g14_two_disjoint_rect_moves_plus_outside_edits_no_silent_data_loss ... ok
test g14_max_move_iterations_limits_detected_moves ... ok

test result: ok. 19 passed; 0 failed; 0 ignored; 0 measured; 0 filtered out; finished in 0.06s

     Running tests\g15_column_structure_row_alignment_tests.rs (target\debug\deps\g15_column_structure_row_alignment_tests-63d009a960c482ed.exe)

running 7 tests
test g15_row_insert_with_column_structure_change_both_detected ... ok
test g15_blank_column_insert_at_position_zero_preserves_row_alignment ... ok
test g15_all_blank_column_insert_no_content_change_minimal_diff ... ok
test g15_single_row_grid_column_insert_no_spurious_row_ops ... ok
test g15_column_delete_preserves_row_alignment_when_content_order_maintained ... ok
test g15_blank_column_insert_middle_preserves_row_alignment ... ok
test g15_large_grid_column_insert_row_alignment_preserved ... ok

test result: ok. 7 passed; 0 failed; 0 ignored; 0 measured; 0 filtered out; finished in 0.01s

     Running tests\g1_g2_grid_workbook_tests.rs (target\debug\deps\g1_g2_grid_workbook_tests-082913d30478b352.exe)

running 5 tests
test g2_nan_values_are_treated_as_equal ... ok
test g2_float_ulp_noise_is_ignored_in_diff ... ok
test g2_meaningful_float_change_emits_cell_edit ... ok
test g1_equal_sheet_produces_empty_diff ... ok
test g2_single_cell_literal_change_produces_one_celledited ... ok

test result: ok. 5 passed; 0 failed; 0 ignored; 0 measured; 0 filtered out; finished in 0.01s

     Running tests\g5_g7_grid_workbook_tests.rs (target\debug\deps\g5_g7_grid_workbook_tests-ee16ae0134175280.exe)

running 5 tests
test g7_col_append_right_emits_two_columnadded_and_no_celledited ... ok
test g6_row_append_bottom_emits_two_rowadded_and_no_celledited ... ok
test g6_row_delete_bottom_emits_two_rowremoved_and_no_celledited ... ok
test g7_col_delete_right_emits_two_columnremoved_and_no_celledited ... ok
test g5_multi_cell_edits_produces_only_celledited_ops ... ok

test result: ok. 5 passed; 0 failed; 0 ignored; 0 measured; 0 filtered out; finished in 0.14s

     Running tests\g8_row_alignment_grid_workbook_tests.rs (target\debug\deps\g8_row_alignment_grid_workbook_tests-2f049d6207b381e8.exe)

running 3 tests
test alignment_bails_out_when_additional_edits_present ... ok
test single_row_delete_middle_produces_one_row_removed ... ok
test single_row_insert_middle_produces_one_row_added ... ok

test result: ok. 3 passed; 0 failed; 0 ignored; 0 measured; 0 filtered out; finished in 0.01s

     Running tests\g9_column_alignment_grid_workbook_tests.rs (target\debug\deps\g9_column_alignment_grid_workbook_tests-8d3c77b51d26de42.exe)

running 3 tests
test g9_col_insert_middle_emits_one_columnadded_and_no_noise ... ok
test g9_col_delete_middle_emits_one_columnremoved_and_no_noise ... ok
test g9_alignment_bails_out_when_additional_edits_present ... ok

test result: ok. 3 passed; 0 failed; 0 ignored; 0 measured; 0 filtered out; finished in 0.04s

     Running tests\grid_view_hashstats_tests.rs (target\debug\deps\grid_view_hashstats_tests-5d11a87d642a37ab.exe)

running 5 tests
test hashstats_empty_inputs ... ok
test hashstats_counts_and_positions_basic ... ok
test hashstats_equal_to_threshold_behavior ... ok
test hashstats_from_col_meta_tracks_positions ... ok
test hashstats_rare_but_not_common_boundary ... ok

test result: ok. 5 passed; 0 failed; 0 ignored; 0 measured; 0 filtered out; finished in 0.00s

     Running tests\grid_view_tests.rs (target\debug\deps\grid_view_tests-49c0e93b2667b321.exe)

running 7 tests
test gridview_empty_grid_is_stable ... ok
test gridview_dense_3x3_layout_and_metadata ... ok
test gridview_formula_only_row_respects_threshold ... ok
test gridview_row_hashes_ignore_small_float_drift ... ok
test gridview_column_metadata_matches_signatures ... ok
test gridview_sparse_rows_low_info_classification ... ok
test gridview_large_sparse_grid_constructs_without_panic ... ok

test result: ok. 7 passed; 0 failed; 0 ignored; 0 measured; 0 filtered out; finished in 0.01s

     Running tests\hardening_tests.rs (target\debug\deps\hardening_tests-773656899a191ab4.exe)

running 3 tests
test timeout_yields_partial_report_and_warning ... ok
test memory_budget_forces_positional_fallback_and_warning ... ok
test progress_callback_fires_for_cell_diff ... ok

test result: ok. 3 passed; 0 failed; 0 ignored; 0 measured; 0 filtered out; finished in 0.04s

     Running tests\integration_test.rs (target\debug\deps\integration_test-5ff5c328cb7ff6e6.exe)

running 1 test
test test_locate_fixture ... ok

test result: ok. 1 passed; 0 failed; 0 ignored; 0 measured; 0 filtered out; finished in 0.00s

     Running tests\limit_behavior_tests.rs (target\debug\deps\limit_behavior_tests-e0832ba6ac33b9e1.exe)

running 10 tests
test limit_exceeded_return_error_returns_structured_error ... ok
test limit_exceeded_return_error_produces_warning_via_legacy_api ... ok
test column_limit_exceeded ... ok
test limit_exceeded_fallback_to_positional ... ok
test limit_exceeded_return_partial_result ... ok
test multiple_sheets_limit_warning_includes_sheet_name ... ok
test within_limits_no_warning ... ok
test large_grid_completes_within_default_limits ... ok
test wide_grid_500_cols_completes_within_default_limits ... ok
test large_grid_5k_rows_completes_within_default_limits ... ok

test result: ok. 10 passed; 0 failed; 0 ignored; 0 measured; 0 filtered out; finished in 0.20s

     Running tests\m10_embedded_m_diff_tests.rs (target\debug\deps\m10_embedded_m_diff_tests-e7e0b5084bf19220.exe)

running 1 test
test embedded_only_change_produces_embedded_definitionchanged ... ok

test result: ok. 1 passed; 0 failed; 0 ignored; 0 measured; 0 filtered out; finished in 0.01s

     Running tests\m10_m_parser_tier2_tests.rs (target\debug\deps\m10_m_parser_tier2_tests-96048b49dbe8846b.exe)

running 8 tests
test formatting_only_function_literal_equal ... ok
test formatting_only_precedence_equal ... ok
test formatting_only_type_ascription_equal ... ok
test parse_try_otherwise ... ok
test parse_unary_ops ... ok
test precedence_mul_binds_tighter_than_add ... ok
test parse_function_literals ... ok
test precedence_and_binds_tighter_than_or ... ok

test result: ok. 8 passed; 0 failed; 0 ignored; 0 measured; 0 filtered out; finished in 0.00s

     Running tests\m4_package_parts_tests.rs (target\debug\deps\m4_package_parts_tests-3de0fca0d0dd4313.exe)

running 25 tests
test embedded_content_invalid_zip_is_skipped ... ok
test empty_content_directory_is_ignored ... ok
test backslash_paths_are_normalized_for_embedded ... ok
test embedded_content_invalid_utf8_is_skipped ... ok
test embedded_content_name_is_canonicalized ... ok
test embedded_content_partial_failure_retains_valid_entries ... ok
test embedded_content_section1_with_bom_parses_via_parse_section_members ... ok
test embedded_content_missing_section1_is_skipped ... ok
test invalid_utf8_in_package_xml_errors ... ok
test invalid_utf8_in_section1_errors ... ok
test missing_config_package_xml_errors ... ok
test missing_section1_errors ... ok
test leading_slash_paths_are_accepted ... ok
test package_parts_with_limits_accepts_part_at_limit ... ok
test package_parts_section1_with_bom_parses_via_parse_section_members ... ok
test package_parts_with_limits_accepts_total_at_limit ... ok
test package_parts_with_limits_rejects_oversized_required_part ... ok
test parse_package_parts_rejects_non_zip ... ok
test package_parts_with_limits_rejects_total_size ... ok
test package_parts_with_limits_rejects_too_many_entries ... ok
test unpacked_embedded_section_is_extracted ... ok
test embedded_content_limits_apply_to_nested_packages ... ok
test parse_package_parts_never_panics_on_random_bytes ... ok
test package_parts_contains_expected_entries ... ok
test embedded_content_detection ... ok

test result: ok. 25 passed; 0 failed; 0 ignored; 0 measured; 0 filtered out; finished in 0.01s

     Running tests\m4_permissions_metadata_tests.rs (target\debug\deps\m4_permissions_metadata_tests-0dff539e92e5bcb2.exe)

running 17 tests
test metadata_empty_bytes_returns_empty_struct ... ok
test metadata_invalid_length_prefix_errors ... ok
test metadata_itempath_decodes_percent_encoded_utf8 ... ok
test metadata_itempath_decodes_space_and_slash ... ok
test metadata_invalid_header_too_short_errors ... ok
test metadata_malformed_xml_errors ... ok
test metadata_invalid_utf8_errors ... ok
test metadata_formulas_match_section_members ... ok
test metadata_hidden_queries_connection_only ... ok
test build_queries_is_compatible_with_metadata_simple ... ok
test permission_bindings_missing_ok ... ok
test metadata_groups_basic_hierarchy ... ok
test permission_bindings_present_flag ... ok
test metadata_load_destinations_simple ... ok
test permissions_invalid_entities_yield_defaults ... ok
test permissions_missing_or_malformed_yields_defaults ... ok
test permissions_parsed_flags_default_vs_firewall_off ... ok

test result: ok. 17 passed; 0 failed; 0 ignored; 0 measured; 0 filtered out; finished in 0.01s

     Running tests\m5_query_domain_tests.rs (target\debug\deps\m5_query_domain_tests-dc3d821c05af0edf.exe)

running 8 tests
test metadata_join_url_encoding ... ok
test member_without_metadata_is_preserved ... ok
test metadata_orphan_entries ... ok
test query_names_unique ... ok
test metadata_join_simple ... ok
test queries_preserve_section_member_order ... ok
test build_queries_excludes_embedded_prefix ... ok
test build_embedded_queries_include_expected_name ... ok

test result: ok. 8 passed; 0 failed; 0 ignored; 0 measured; 0 filtered out; finished in 0.01s

     Running tests\m6_textual_m_diff_tests.rs (target\debug\deps\m6_textual_m_diff_tests-6be0c8be0b3cce91.exe)

running 7 tests
test identical_workbooks_produce_no_diffs ... ok
test metadata_change_produces_metadata_ops ... ok
test basic_remove_query_diff ... ok
test definition_and_metadata_change_produces_both ... ok
test literal_change_produces_definitionchanged ... ok
test basic_add_query_diff ... ok
test rename_produces_query_renamed ... ok

test result: ok. 7 passed; 0 failed; 0 ignored; 0 measured; 0 filtered out; finished in 0.02s

     Running tests\m7_ast_canonicalization_tests.rs (target\debug\deps\m7_ast_canonicalization_tests-00fb14dc7d4d0031.exe)

running 13 tests
test empty_expression_is_error ... ok
test malformed_query_yields_parse_error ... ok
test hash_date_tokenization_is_atomic ... ok
test nested_let_formatting_only_equal ... ok
test unbalanced_delimiter_yields_error ... ok
test nested_let_in_binding_parses_successfully ... ok
test unterminated_string_yields_error ... ok
test unterminated_block_comment_yields_error ... ok
test basic_let_query_ast_is_let ... ok
test canonicalization_is_idempotent ... ok
test parse_basic_let_query_succeeds ... ok
test formatting_only_queries_semantically_equal ... ok
test formatting_only_variant_detects_semantic_change ... ok

test result: ok. 13 passed; 0 failed; 0 ignored; 0 measured; 0 filtered out; finished in 0.01s

     Running tests\m7_semantic_m_diff_tests.rs (target\debug\deps\m7_semantic_m_diff_tests-e91f821f872365fc.exe)

running 6 tests
test semantic_gate_disabled_produces_semantic_change ... ok
test formatting_only_diff_produces_formatting_only_change ... ok
test formatting_only_can_be_suppressed_by_policy ... ok
test semantic_gate_does_not_mask_definition_plus_metadata_change ... ok
test semantic_gate_does_not_mask_metadata_only_change ... ok
test formatting_variant_with_real_change_still_reports_semantic ... ok

test result: ok. 6 passed; 0 failed; 0 ignored; 0 measured; 0 filtered out; finished in 0.02s

     Running tests\m8_m_canonicalize_tokens_tests.rs (target\debug\deps\m8_m_canonicalize_tokens_tests-1c1a3c44e91228a4.exe)

running 2 tests
test opaque_boolean_literal_case_is_canonicalized ... ok
test opaque_null_literal_case_is_canonicalized ... ok

test result: ok. 2 passed; 0 failed; 0 ignored; 0 measured; 0 filtered out; finished in 0.00s

     Running tests\m8_m_parser_coverage_audit_tests.rs (target\debug\deps\m8_m_parser_coverage_audit_tests-8b4626d5c233cc55.exe)

running 2 tests
test coverage_audit_tier2_cases_are_structured ... ok
test coverage_audit_tier1_cases_are_structured ... ok

test result: ok. 2 passed; 0 failed; 0 ignored; 0 measured; 0 filtered out; finished in 0.00s

     Running tests\m8_m_parser_expansion_tests.rs (target\debug\deps\m8_m_parser_expansion_tests-1ef2a8b2e938c5c3.exe)

running 7 tests
test record_literal_parses_as_record ... ok
test function_call_parses_as_call ... ok
test list_order_is_not_semantically_equivalent ... ok
test primitive_number_parses ... ok
test record_field_order_is_semantically_equivalent ... ok
test list_literal_parses_as_list ... ok
test primitive_string_parses ... ok

test result: ok. 7 passed; 0 failed; 0 ignored; 0 measured; 0 filtered out; finished in 0.00s

     Running tests\m8_semantic_m_diff_nonlet_tests.rs (target\debug\deps\m8_semantic_m_diff_nonlet_tests-c7372b0eb271844f.exe)

running 4 tests
test primitive_formatting_only_is_masked ... ok
test record_reorder_is_masked_by_semantic_canonicalization ... ok
test call_formatting_only_is_masked ... ok
test list_formatting_only_is_masked ... ok

test result: ok. 4 passed; 0 failed; 0 ignored; 0 measured; 0 filtered out; finished in 0.01s

     Running tests\m9_m_parser_tier1_tests.rs (target\debug\deps\m9_m_parser_tier1_tests-bf36bc29c746a44b.exe)

running 7 tests
test parse_access_chain ... ok
test parse_each_expr ... ok
test parse_field_access ... ok
test parse_ident_ref ... ok
test parse_if_then_else ... ok
test quoted_identifier_named_then_does_not_confuse_if_parser ... ok
test parse_item_access ... ok

test result: ok. 7 passed; 0 failed; 0 ignored; 0 measured; 0 filtered out; finished in 0.00s

     Running tests\m_section_splitting_tests.rs (target\debug\deps\m_section_splitting_tests-b0a676f325b74a00.exe)

running 7 tests
test error_on_invalid_shared_member_syntax ... ok
test parse_quoted_identifier_member ... ok
test parse_multiple_members ... ok
test error_on_missing_section_header ... ok
test parse_single_member_section ... ok
test section_parsing_tolerates_utf8_bom ... ok
test tolerate_whitespace_comments ... ok

test result: ok. 7 passed; 0 failed; 0 ignored; 0 measured; 0 filtered out; finished in 0.00s

     Running tests\metrics_unit_tests.rs (target\debug\deps\metrics_unit_tests-6719550242c310c4.exe)

running 0 tests

test result: ok. 0 passed; 0 failed; 0 ignored; 0 measured; 0 filtered out; finished in 0.00s

     Running tests\output_tests.rs (target\debug\deps\output_tests-092f294452c82c31.exe)

running 20 tests
test diff_report_to_cell_diffs_ignores_block_moved_rect ... ok
test diff_report_to_cell_diffs_maps_values_correctly ... ok
test diff_report_to_cell_diffs_filters_no_op_cell_edits ... ok
test serialize_diff_report_nan_maps_to_serialization_error ... ok
test serialize_diff_report_infinity_maps_to_serialization_error ... ok
test diff_report_to_cell_diffs_filters_non_cell_ops ... ok
test serialize_diff_report_neg_infinity_maps_to_serialization_error ... ok
test serialize_full_diff_report_has_complete_true_and_no_warnings ... ok
test serialize_partial_diff_report_includes_complete_false_and_warnings ... ok
test test_diff_workbooks_to_json_reports_invalid_zip ... ok
test serialize_diff_report_with_finite_numbers_succeeds ... ok
test test_json_format ... ok
test json_diff_case_only_sheet_name_no_changes ... ok
test json_diff_case_only_sheet_name_cell_edit ... ok
test test_json_case_only_sheet_name_no_changes ... ok
test test_json_case_only_sheet_name_cell_edit_via_helper ... ok
test test_json_diff_value_to_empty ... ok
test test_json_non_empty_diff_bool ... ok
test test_json_empty_diff ... ok
test test_json_non_empty_diff ... ok

test result: ok. 20 passed; 0 failed; 0 ignored; 0 measured; 0 filtered out; finished in 0.01s

     Running tests\package_streaming_tests.rs (target\debug\deps\package_streaming_tests-0da0c757823fe226.exe)

running 4 tests
test package_diff_streaming_finishes_on_m_emit_error ... ok
test package_diff_streaming_does_not_emit_after_finish_and_finishes_once ... ok
test package_streaming_json_lines_header_includes_m_strings ... ok
test package_diff_streaming_finishes_on_error ... ok

test result: ok. 4 passed; 0 failed; 0 ignored; 0 measured; 0 filtered out; finished in 0.00s

     Running tests\parallel_determinism_tests.rs (target\debug\deps\parallel_determinism_tests-eec6299889852f77.exe)

running 2 tests
test ops_are_identical_across_thread_counts_block_move ... ok
test ops_are_identical_across_thread_counts ... ok

test result: ok. 2 passed; 0 failed; 0 ignored; 0 measured; 0 filtered out; finished in 2.38s

     Running tests\pbix_host_support_tests.rs (target\debug\deps\pbix_host_support_tests-b58281ea09861d8a.exe)

running 4 tests
test pbix_missing_datamashup_and_schema_returns_dedicated_error ... ok
test pbix_missing_datamashup_uses_model_schema ... ok
test open_pbix_loads_datamashup ... ok
test diff_pbix_emits_query_ops ... ok

test result: ok. 4 passed; 0 failed; 0 ignored; 0 measured; 0 filtered out; finished in 0.00s

     Running tests\perf_large_grid_tests.rs (target\debug\deps\perf_large_grid_tests-029f19ad5ffb951f.exe)

running 0 tests

test result: ok. 0 passed; 0 failed; 0 ignored; 0 measured; 0 filtered out; finished in 0.00s

     Running tests\pg1_ir_tests.rs (target\debug\deps\pg1_ir_tests-61047077a696a4e3.exe)

running 3 tests
test pg1_sparse_used_range_extents ... ok
test pg1_basic_two_sheets_structure ... ok
test pg1_empty_and_mixed_sheets ... ok

test result: ok. 3 passed; 0 failed; 0 ignored; 0 measured; 0 filtered out; finished in 0.01s

     Running tests\pg3_snapshot_tests.rs (target\debug\deps\pg3_snapshot_tests-fb70d0ba1ed55596.exe)

running 5 tests
test snapshot_json_rejects_invalid_addr_1a ... ok
test snapshot_json_rejects_invalid_addr_a0 ... ok
test snapshot_json_roundtrip_detects_tampered_addr ... ok
test snapshot_json_roundtrip ... ok
test pg3_value_and_formula_cells_snapshot_from_excel ... ok

test result: ok. 5 passed; 0 failed; 0 ignored; 0 measured; 0 filtered out; finished in 0.00s

     Running tests\pg4_diffop_tests.rs (target\debug\deps\pg4_diffop_tests-7e2e36fa9da721a9.exe)

running 21 tests
test pg4_construct_block_move_diffops ... ok
test pg4_block_move_json_shape_keysets ... ok
test pg4_diff_report_json_shape ... ok
test pg4_block_rect_json_shape_and_roundtrip ... ok
test pg4_cell_edited_invariant_helper_rejects_mismatched_snapshot_addr - should panic ... ok
test pg4_block_moved_columns_json_optional_hash ... ok
test pg4_construct_block_rect_diffops ... ok
test pg4_construct_cell_edited_diffop ... ok
test pg4_construct_row_and_column_diffops ... ok
test pg4_diff_report_rejects_invalid_nested_addr ... ok
test pg4_cell_edited_roundtrip_preserves_snapshot_addrs ... ok
test pg4_block_moved_rows_json_optional_hash ... ok
test pg4_cell_edited_json_shape ... ok
test pg4_sheet_added_and_removed_json_shape ... ok
test pg4_diff_report_roundtrip_preserves_order ... ok
test pg4_diffop_cell_edited_rejects_invalid_top_level_addr ... ok
test pg4_diffop_roundtrip_each_variant ... ok
test pg4_row_added_json_optional_signature ... ok
test pg4_column_added_json_optional_signature ... ok
test pg4_row_and_column_json_shape_keysets ... ok
test pg4_diffop_cell_edited_rejects_invalid_snapshot_addrs ... ok

test result: ok. 21 passed; 0 failed; 0 ignored; 0 measured; 0 filtered out; finished in 0.00s

     Running tests\pg5_grid_diff_tests.rs (target\debug\deps\pg5_grid_diff_tests-c770e51b8661bbf7.exe)

running 12 tests
test pg5_1_grid_diff_1x1_identical_empty_diff ... ok
test pg5_4_grid_diff_column_appended_column_added_only ... ok
test pg5_10_grid_diff_row_appended_with_overlap_cell_edits ... ok
test pg5_8_grid_diff_column_truncated_column_removed_only ... ok
test pg5_9_grid_diff_row_and_column_truncated_structure_only ... ok
test pg5_6_grid_diff_degenerate_grids ... ok
test pg5_7_grid_diff_row_truncated_row_removed_only ... ok
test pg5_3_grid_diff_row_appended_row_added_only ... ok
test pg5_2_grid_diff_1x1_value_change_single_cell_edited ... ok
test pg5_dense_rect_replacement_emits_rect_replaced ... ok
test pg5_5_grid_diff_same_shape_scattered_cell_edits ... ok
test pg5_dense_row_replacement_emits_row_replaced ... ok

test result: ok. 12 passed; 0 failed; 0 ignored; 0 measured; 0 filtered out; finished in 0.00s

     Running tests\pg6_object_vs_grid_tests.rs (target\debug\deps\pg6_object_vs_grid_tests-b3f7d5f806775d68.exe)

running 4 tests
test pg6_3_rename_as_remove_plus_add_no_grid_ops ... ok
test pg6_1_sheet_added_no_grid_ops_on_main ... ok
test pg6_2_sheet_removed_no_grid_ops_on_main ... ok
test pg6_4_sheet_and_grid_change_composed_cleanly ... ok

test result: ok. 4 passed; 0 failed; 0 ignored; 0 measured; 0 filtered out; finished in 0.01s

     Running tests\signature_tests.rs (target\debug\deps\signature_tests-35898d965c29e215.exe)

running 24 tests
test col_signature_ignores_empty_trailing_rows ... ok
test col_signature_includes_formulas_by_default ... ok
test col_signature_includes_formulas_sparse ... ok
test col_signature_distinguishes_numeric_text_bool ... ok
test col_signature_independent_of_insertion_order ... ok
test compute_all_signatures_on_empty_grid_produces_empty_vectors ... ok
test compute_all_signatures_recomputes_after_mutation ... ok
test compute_all_signatures_populates_fields ... ok
test compute_all_signatures_with_all_empty_rows_and_cols_is_stable ... ok
test different_rows_have_different_signatures ... ok
test identical_rows_have_same_signature ... ok
test row_and_col_signatures_match_bulk_computation ... ok
test row_signature_consistent_for_same_content_different_column_indices ... ok
test row_signature_distinguishes_numeric_text_bool ... ok
test col_signatures_distinguish_row_positions ... ok
test gridview_rowmeta_hash_matches_compute_all_signatures ... ok
test row_signature_ignores_empty_trailing_cells ... ok
test row_signature_independent_of_insertion_order ... ok
test row_signature_includes_formulas_by_default ... ok
test row_signature_is_stable_across_computations ... ok
test row_signature_unchanged_after_column_delete_from_middle ... ok
test row_signature_unchanged_after_column_insert_at_position_zero ... ok
test row_signature_with_formula_is_stable ... ok
test row_signatures_distinguish_column_positions ... ok

test result: ok. 24 passed; 0 failed; 0 ignored; 0 measured; 0 filtered out; finished in 0.00s

     Running tests\sparse_grid_tests.rs (target\debug\deps\sparse_grid_tests-32e88771241ee906.exe)

running 10 tests
test cols_iter_covers_all_cols ... ok
test compute_all_signatures_matches_direct_computation ... ok
test sparse_grid_memory_efficiency ... ok
test rows_iter_and_get_are_consistent ... ok
test rows_iter_covers_all_rows ... ok
test sparse_grid_all_empty_rows_have_zero_signatures ... ok
test sparse_grid_empty_has_zero_cells ... ok
test sparse_grid_insert_and_retrieve ... ok
test sparse_grid_iter_cells_only_populated ... ok
test compute_signatures_on_sparse_grid_produces_hashes ... ok

test result: ok. 10 passed; 0 failed; 0 ignored; 0 measured; 0 filtered out; finished in 0.00s

     Running tests\streaming_sink_tests.rs (target\debug\deps\streaming_sink_tests-f29f5372f2c3a3de.exe)

running 3 tests
test streaming_summary_matches_collected_ops ... ok
test streaming_produces_ops_in_consistent_order ... ok
test vec_sink_and_callback_sink_produce_identical_ops ... ok

test result: ok. 3 passed; 0 failed; 0 ignored; 0 measured; 0 filtered out; finished in 0.00s

     Running tests\string_pool_tests.rs (target\debug\deps\string_pool_tests-cca50a15a5d4c6e8.exe)

running 5 tests
test empty_string_is_pre_interned ... ok
test into_strings_returns_all_interned ... ok
test resolve_returns_original_string ... ok
test intern_distinct_strings_returns_different_ids ... ok
test intern_50k_identical_strings_returns_same_id ... ok

test result: ok. 5 passed; 0 failed; 0 ignored; 0 measured; 0 filtered out; finished in 0.02s

     Running unittests src\main.rs (target\debug\deps\excel_diff-84e116d1e80c4c41.exe)

running 0 tests

test result: ok. 0 passed; 0 failed; 0 ignored; 0 measured; 0 filtered out; finished in 0.00s

     Running tests\git_textconv.rs (target\debug\deps\git_textconv-f8f66229f73528c2.exe)

running 1 test
test git_textconv_uses_excel_diff_info ... ok

test result: ok. 1 passed; 0 failed; 0 ignored; 0 measured; 0 filtered out; finished in 1.29s

     Running tests\integration_tests.rs (target\debug\deps\integration_tests-9bbe2805c81863f1.exe)

running 31 tests
test column_changes_detected ... ok
test database_flags_require_database_mode ... ok
test database_mode_requires_keys_or_auto_keys ... ok
test diff_pbit_measure_changes_detected ... ok
test diff_pbix_power_query_changes_detected ... ok
test diff_pbix_jsonl_writes_header_and_ops ... ok
test fast_and_precise_are_mutually_exclusive ... ok
test git_diff_conflicts_with_json_format ... ok
test different_files_exit_1 ... ok
test info_pbix_includes_embedded_queries ... FAILED
test identical_files_exit_0 ... ok
test info_shows_sheets ... ok
test git_diff_produces_unified_style ... ok
test info_with_queries_shows_power_query ... ok
test json_output_is_valid_json ... ok
test jsonl_first_line_is_header ... ok
test nonexistent_file_exit_2 ... ok
test max_memory_zero_exits_1_and_warns ... ok
test jsonl_progress_keeps_stdout_jsonl_and_writes_to_stderr ... ok
test power_query_changes_detected ... ok
test row_changes_detected ... ok
test timeout_zero_exits_1_and_warns ... ok
test d1_database_reorder_no_diff ... ok
test d3_database_row_updated ... ok
test d1_database_reorder_json_empty_ops ... ok
test d4_database_reorder_and_change ... ok
test d2_database_row_added ... ok
test database_sheet_not_found_error ... ok
test database_auto_keys ... ok
test database_multi_column_keys ... ok
test database_invalid_column_error ... ok

failures:

---- info_pbix_includes_embedded_queries stdout ----

thread 'info_pbix_includes_embedded_queries' (31948) panicked at cli\tests\integration_tests.rs:777:5:
info should succeed for pbix: stderr=Error: Failed to open input file: C:\Users\dvora\repo\excel_diff\fixtures\generated\pbix_embedded_queries.pbix: The system cannot find the file specified. (os error 2)

note: run with `RUST_BACKTRACE=1` environment variable to display a backtrace


failures:
    info_pbix_includes_embedded_queries

test result: FAILED. 30 passed; 1 failed; 0 ignored; 0 measured; 0 filtered out; finished in 0.36s

error: test failed, to rerun pass `-p excel_diff_cli --test integration_tests`
